<?xml version="1.0" encoding="UTF-8"?>
<Site BuildName="Linux-g++"
	BuildStamp="20231219-0124-Experimental"
	Name="wjc-virtual-machine"
	Generator="ctest-3.22.1"
	CompilerName="/usr/bin/g++"
	CompilerVersion="11.4.0"
	OSName="Linux"
	Hostname="wjc-virtual-machine"
	OSRelease="6.2.0-39-generic"
	OSVersion="#40~22.04.1-Ubuntu SMP PREEMPT_DYNAMIC Thu Nov 16 10:53:04 UTC 2"
	OSPlatform="x86_64"
	Is64Bits="1"
	VendorString="AuthenticAMD"
	VendorID="Advanced Micro Devices"
	FamilyID="23"
	ModelID="113"
	ProcessorCacheSize="512"
	NumberOfLogicalCPU="4"
	NumberOfPhysicalCPU="4"
	TotalVirtualMemory="2047"
	TotalPhysicalMemory="7897"
	LogicalProcessorsPerPhysical="1"
	ProcessorClockFrequency="3600.01"
	>
	<Testing>
		<StartDateTime>Dec 19 09:24 CST</StartDateTime>
		<StartTestTime>1702949068</StartTestTime>
		<TestList/>
		<EndDateTime>Dec 19 09:24 CST</EndDateTime>
		<EndTestTime>1702949068</EndTestTime>
		<ElapsedMinutes>0</ElapsedMinutes>
	</Testing>
</Site>
