<?xml version="1.0" encoding="UTF-8"?>
<Site BuildName="Linux-g++"
	BuildStamp="20240112-0319-Experimental"
	Name="wjc-virtual-machine"
	Generator="ctest-3.22.1"
	CompilerName="/usr/bin/g++"
	CompilerVersion="11.4.0"
	OSName="Linux"
	Hostname="wjc-virtual-machine"
	OSRelease="6.5.0-14-generic"
	OSVersion="#14~22.04.1-Ubuntu SMP PREEMPT_DYNAMIC Mon Nov 20 18:15:30 UTC 2"
	OSPlatform="x86_64"
	Is64Bits="1"
	VendorString="AuthenticAMD"
	VendorID="Advanced Micro Devices"
	FamilyID="23"
	ModelID="113"
	ProcessorCacheSize="512"
	NumberOfLogicalCPU="4"
	NumberOfPhysicalCPU="4"
	TotalVirtualMemory="2047"
	TotalPhysicalMemory="7896"
	LogicalProcessorsPerPhysical="1"
	ProcessorClockFrequency="3600.01"
	>
	<Testing>
		<StartDateTime>Jan 12 11:19 CST</StartDateTime>
		<StartTestTime>1705029559</StartTestTime>
		<TestList/>
		<EndDateTime>Jan 12 11:19 CST</EndDateTime>
		<EndTestTime>1705029559</EndTestTime>
		<ElapsedMinutes>0</ElapsedMinutes>
	</Testing>
</Site>
